<?xml version="1.0" encoding="UTF-8"?>
<!-- Generated by org.testng.reporters.JUnitXMLReporter -->
<testsuite ignored="0" hostname="Nikhils-Air" failures="3" tests="12" name="Test" time="30.796" errors="0" timestamp="2023-11-23T16:12:06 IST">
  <testcase classname="com.Procure.EditProfileModule.changepasswordmanufacturerTest" name="changepasswordmanufacturer" time="1.676">
    <skipped/>
  </testcase> <!-- changepasswordmanufacturer -->
  <testcase classname="com.Procure.EditProfileModule.changepasswordmanufacturerTest" name="changepasswordmanufacturer" time="0.667">
    <skipped/>
  </testcase> <!-- changepasswordmanufacturer -->
  <testcase classname="com.Procure.EditProfileModule.changepasswordmanufacturerTest" name="changepasswordmanufacturer" time="0.449">
    <skipped/>
  </testcase> <!-- changepasswordmanufacturer -->
  <testcase classname="com.Procure.EditProfileModule.changepasswordmanufacturerTest" name="changepasswordmanufacturer" time="0.647">
    <failure type="java.lang.AssertionError" message="null">
      <![CDATA[java.lang.AssertionError: null
at com.Procure.EditProfileModule.changepasswordmanufacturerTest.changepasswordmanufacturer(changepasswordmanufacturerTest.java:38)
at java.base/java.util.ArrayList.forEach(ArrayList.java:1511)
at java.base/java.util.concurrent.FutureTask.run(FutureTask.java:264)
at java.base/java.util.concurrent.ThreadPoolExecutor.runWorker(ThreadPoolExecutor.java:1136)
at java.base/java.util.concurrent.ThreadPoolExecutor$Worker.run(ThreadPoolExecutor.java:635)
at java.base/java.lang.Thread.run(Thread.java:833)
... Removed 19 stack frames]]>
    </failure>
  </testcase> <!-- changepasswordmanufacturer -->
  <testcase classname="com.Procure.AddProductModule.addproductbymanufacturerTest" name="addproductbymanufacturer" time="1.672">
    <skipped/>
  </testcase> <!-- addproductbymanufacturer -->
  <testcase classname="com.Procure.AddProductModule.addproductbymanufacturerTest" name="addproductbymanufacturer" time="0.533">
    <skipped/>
  </testcase> <!-- addproductbymanufacturer -->
  <testcase classname="com.Procure.AddProductModule.addproductbymanufacturerTest" name="addproductbymanufacturer" time="0.42">
    <skipped/>
  </testcase> <!-- addproductbymanufacturer -->
  <testcase classname="com.Procure.AddProductModule.addproductbymanufacturerTest" name="addproductbymanufacturer" time="0.372">
    <failure type="java.lang.AssertionError" message="null">
      <![CDATA[java.lang.AssertionError: null
at com.Procure.AddProductModule.addproductbymanufacturerTest.addproductbymanufacturer(addproductbymanufacturerTest.java:37)
at java.base/java.util.ArrayList.forEach(ArrayList.java:1511)
at java.base/java.util.concurrent.FutureTask.run(FutureTask.java:264)
at java.base/java.util.concurrent.ThreadPoolExecutor.runWorker(ThreadPoolExecutor.java:1136)
at java.base/java.util.concurrent.ThreadPoolExecutor$Worker.run(ThreadPoolExecutor.java:635)
at java.base/java.lang.Thread.run(Thread.java:833)
... Removed 19 stack frames]]>
    </failure>
  </testcase> <!-- addproductbymanufacturer -->
  <testcase classname="com.Procure.Admin.addretailerandsearchorderTest" name="addretailerandsearchorder" time="1.515">
    <skipped/>
  </testcase> <!-- addretailerandsearchorder -->
  <testcase classname="com.Procure.Admin.addretailerandsearchorderTest" name="addretailerandsearchorder" time="0.689">
    <skipped/>
  </testcase> <!-- addretailerandsearchorder -->
  <testcase classname="com.Procure.Admin.addretailerandsearchorderTest" name="addretailerandsearchorder" time="0.459">
    <skipped/>
  </testcase> <!-- addretailerandsearchorder -->
  <testcase classname="com.Procure.Admin.addretailerandsearchorderTest" name="addretailerandsearchorder" time="0.384">
    <failure type="java.lang.AssertionError" message="null">
      <![CDATA[java.lang.AssertionError: null
at com.Procure.Admin.addretailerandsearchorderTest.addretailerandsearchorder(addretailerandsearchorderTest.java:56)
at java.base/java.util.ArrayList.forEach(ArrayList.java:1511)
at java.base/java.util.concurrent.FutureTask.run(FutureTask.java:264)
at java.base/java.util.concurrent.ThreadPoolExecutor.runWorker(ThreadPoolExecutor.java:1136)
at java.base/java.util.concurrent.ThreadPoolExecutor$Worker.run(ThreadPoolExecutor.java:635)
at java.base/java.lang.Thread.run(Thread.java:833)
... Removed 19 stack frames]]>
    </failure>
  </testcase> <!-- addretailerandsearchorder -->
</testsuite> <!-- Test -->
